Changelog
All notable changes to Smart Bytecode Analyzer will be documented in this file.

The format is based on Keep a Changelog, and this project adheres to Semantic Versioning.

[3.0.0] - 2025-01-05
🎉 Initial Release
Added
Perfect Code Reconstruction Engine
VM-based bytecode interpretation
Stack simulation and tracking
Advanced control flow analysis
Python Version Support
Full support for Python 3.0 through 3.14
Support for Python 3.14rc3 (magic number 0x2b0e0d0a)
Automatic version detection from magic numbers
Static Analysis
Import statement extraction
Function and class detection
Variable usage analysis
Constant type extraction
Control Flow Recognition
For/while loop detection with proper variable unpacking
If/else conditional reconstruction
Try/except exception handling
Nested structure support
Modern GUI Interface
Built with CustomTkinter
Dark mode theme
Tabbed interface (Source, Bytecode, Metadata)
Real-time status updates
Export functionality
Command Line Interface
Single file analysis
Batch directory processing
Multiple export formats (Python, HTML, Markdown, JSON)
File validation tools
Advanced Features
Smart post-processing and cleanup
Caching system for repeated analysis
Performance profiling
Comprehensive error handling
Export Formats
Python source code (.py)
HTML with syntax highlighting
Markdown documentation
JSON structured data
Technical Details
6-part modular architecture
~2000+ lines of production code
Pattern recognition for common bytecode structures
Control Flow Graph (CFG) generation
Dependency analysis framework
Known Limitations
Some highly obfuscated code may not reconstruct perfectly
Dynamic code generation (eval/exec) has limited support
Complex decorators might not preserve original syntax exactly
📦 Components
Core Classes (Part 1)
StackValue tracking
VirtualStack simulation
BytecodePattern recognition
ControlFlowBlock and CFG
Static Analyzer (Part 2)
Import extraction
Function/class detection
Variable analysis
InstructionSimulator
Code Reconstructor (Part 3)
VMState management
BytecodeInterpreter
SmartReconstructor with post-processing
GUI Application (Part 4)
BytecodeAnalyzerGUI
Modern interface design
Multi-tab visualization
Utilities (Part 5)
BatchProcessor
CacheManager
FormatConverter
FileValidator
PerformanceProfiler
Main Launcher (Part 6)
CommandLineInterface
Integration layer
Entry point management
[Unreleased]
Planned Features
 Enhanced Python 3.14+ support
 Improved comprehension reconstruction
 Better lambda function handling
 Type hint preservation
 Decorator syntax reconstruction
 Plugin system for custom patterns
 Interactive debugging mode
 Diff view for multiple versions
Under Consideration
IDE integration (VS Code, PyCharm)
Web-based interface
REST API for remote analysis
Advanced obfuscation detection
Machine learning for pattern recognition
Cloud storage integration
Version History
[3.0.0] - 2025-01-05
Initial public release
Complete rewrite with perfect reconstruction engine
Modern GUI interface
Comprehensive Python 3.0-3.14 support
Contributors
Thanks to all contributors who helped make this project possible!

For detailed changes, see the commit history.

